
  WARNING: You should run npx react-native@latest to ensure you're always using the most current version of the CLI. NPX has cached version (0.73.6) != current release (0.81.4)
  
(node:97648) [DEP0040] DeprecationWarning: The `punycode` module is deprecated. Please use a userland alternative instead.
(Use `node --trace-deprecation ...` to show where the warning was created)
info Welcome to React Native v0.73
info Starting dev server on port 8081...

                        ▒▒▓▓▓▓▒▒
                     ▒▓▓▓▒▒░░▒▒▓▓▓▒
                  ▒▓▓▓▓░░░▒▒▒▒░░░▓▓▓▓▒
                 ▓▓▒▒▒▓▓▓▓▓▓▓▓▓▓▓▓▒▒▒▓▓
                 ▓▓░░░░░▒▓▓▓▓▓▓▒░░░░░▓▓
                 ▓▓░░▓▓▒░░░▒▒░░░▒▓▒░░▓▓
                 ▓▓░░▓▓▓▓▓▒▒▒▒▓▓▓▓▒░░▓▓
                 ▓▓░░▓▓▓▓▓▓▓▓▓▓▓▓▓▒░░▓▓
                 ▓▓▒░░▒▒▓▓▓▓▓▓▓▓▒░░░▒▓▓
                  ▒▓▓▓▒░░░▒▓▓▒░░░▒▓▓▓▒
                     ▒▓▓▓▒░░░░▒▓▓▓▒
                        ▒▒▓▓▓▓▒▒


warning: the transform cache was reset.
                Welcome to Metro v0.80.12
              Fast - Scalable - Integrated


info React Native v0.81.4 is now available (your project is running on v0.73.6).
info Changelog: https://github.com/facebook/react-native/releases/tag/v0.81.4
info Diff: https://react-native-community.github.io/upgrade-helper/?from=0.81.4
info For more info, check out "https://reactnative.dev/docs/upgrading?os=macos".
info Dev server ready
 BUNDLE  ./index.js 

error: Error: Unable to resolve module @babel/runtime/helpers/interopRequireDefault from /Users/Efren/repos/homeforpup/apps/mobile-app/index.js: @babel/runtime/helpers/interopRequireDefault could not be found within the project or in these directories:
  node_modules
  ../../node_modules
  node_modules
> 1 | /**
    | ^
  2 |  * @format
  3 |  */
  4 |
    at ModuleResolver.resolveDependency (/Users/Efren/repos/homeforpup/node_modules/metro/src/node-haste/DependencyGraph/ModuleResolution.js:139:15)
    at DependencyGraph.resolveDependency (/Users/Efren/repos/homeforpup/node_modules/metro/src/node-haste/DependencyGraph.js:232:43)
    at /Users/Efren/repos/homeforpup/node_modules/metro/src/lib/transformHelpers.js:156:21
    at resolveDependencies (/Users/Efren/repos/homeforpup/node_modules/metro/src/DeltaBundler/buildSubgraph.js:42:25)
    at visit (/Users/Efren/repos/homeforpup/node_modules/metro/src/DeltaBundler/buildSubgraph.js:83:30)
    at process.processTicksAndRejections (node:internal/process/task_queues:105:5)
    at async Promise.all (index 0)
    at async buildSubgraph (/Users/Efren/repos/homeforpup/node_modules/metro/src/DeltaBundler/buildSubgraph.js:103:3)
    at async Graph._buildDelta (/Users/Efren/repos/homeforpup/node_modules/metro/src/DeltaBundler/Graph.js:157:22)
    at async Graph.initialTraverseDependencies (/Users/Efren/repos/homeforpup/node_modules/metro/src/DeltaBundler/Graph.js:140:19)
